<?xml version="1.0" encoding="UTF-8"?>
<!-- Generated by org.testng.reporters.JUnitXMLReporter -->
<testsuite ignored="0" hostname="Sanju" failures="0" tests="4" name="Test" time="3.378" errors="0" timestamp="2024-09-02T20:26:18 IST">
  <testcase classname="Test_Module.ReqResTest" name="TC1_getUser" time="1.203"/>
  <testcase classname="Test_Module.ReqResTest" name="TC2_postUser" time="0.613"/>
  <testcase classname="Test_Module.ReqResTest" name="TC4_deleteUser" time="0.397"/>
  <testcase classname="Test_Module.ReqResTest" name="TC3_updateUser" time="0.359"/>
</testsuite> <!-- Test -->
