<?xml version="1.0" encoding="UTF-8"?>
<!-- Generated by org.testng.reporters.JUnitXMLReporter -->
<testsuite ignored="0" hostname="Sanju" failures="0" tests="4" name="Test1" time="2.64" errors="0" timestamp="2024-09-02T20:47:53 IST">
  <testcase classname="Test_Module.StudentsTest1" name="TC11_postStudent" time="1.761"/>
  <testcase classname="Test_Module.StudentsTest1" name="TC12_getStudent" time="0.03"/>
  <testcase classname="Test_Module.StudentsTest1" name="TC13_updateStudent" time="0.027"/>
  <testcase classname="Test_Module.StudentsTest1" name="TC14_deleteStudent" time="0.021"/>
</testsuite> <!-- Test1 -->
