<?xml version="1.0" encoding="UTF-8"?>
<!-- Generated by org.testng.reporters.JUnitXMLReporter -->
<testsuite ignored="0" hostname="Sanju" failures="0" tests="4" name="Test" time="3.309" errors="0" timestamp="2024-09-02T12:36:47 IST">
  <testcase classname="Test_Module.ReqReqTest" name="TC1_getUser" time="1.07"/>
  <testcase classname="Test_Module.ReqReqTest" name="TC2_postUser" time="0.619"/>
  <testcase classname="Test_Module.ReqReqTest" name="TC3_updateUser" time="0.369"/>
  <testcase classname="Test_Module.ReqReqTest" name="TC4_deleteUser" time="0.499"/>
</testsuite> <!-- Test -->
