<?xml version="1.0" encoding="UTF-8"?>
<testng-results ignored="0" total="1" passed="1" failed="0" skipped="0">
  <reporter-output>
  </reporter-output>
  <suite started-at="2024-09-02T21:17:03 IST" name="Default suite" finished-at="2024-09-02T21:17:05 IST" duration-ms="1681">
    <groups>
    </groups>
    <test started-at="2024-09-02T21:17:03 IST" name="Default test" finished-at="2024-09-02T21:17:05 IST" duration-ms="1681">
      <class name="Test_Module.StudentsTest2">
        <test-method signature="TC16_getallStudentDetailsAndMapToPojo(java.lang.String,java.lang.String,int)[pri:2, instance:Test_Module.StudentsTest2@7ef27d7f]" started-at="2024-09-02T21:17:03 IST" name="TC16_getallStudentDetailsAndMapToPojo" data-provider="GetTD" finished-at="2024-09-02T21:17:05 IST" duration-ms="1172" status="PASS">
          <params>
            <param index="0">
              <value>
                <![CDATA[GET]]>
              </value>
            </param>
            <param index="1">
              <value>
                <![CDATA[http://localhost:3000/students]]>
              </value>
            </param>
            <param index="2">
              <value>
                <![CDATA[200]]>
              </value>
            </param>
          </params>
          <reporter-output>
          </reporter-output>
        </test-method> <!-- TC16_getallStudentDetailsAndMapToPojo -->
      </class> <!-- Test_Module.StudentsTest2 -->
    </test> <!-- Default test -->
  </suite> <!-- Default suite -->
</testng-results>
